c:\users\akidse\documents\visual studio 2013\projects\sfml template1\sfml template1\debug\vc120.pdb
c:\users\akidse\documents\visual studio 2013\projects\sfml template1\sfml template1\debug\vc120.idb
c:\users\akidse\documents\visual studio 2013\projects\sfml template1\sfml template1\debug\button.obj
c:\users\akidse\documents\visual studio 2013\projects\sfml template1\sfml template1\debug\guilayer.obj
c:\users\akidse\documents\visual studio 2013\projects\sfml template1\sfml template1\debug\guiswitcher.obj
c:\users\akidse\documents\visual studio 2013\projects\sfml template1\sfml template1\debug\ibutton.obj
c:\users\akidse\documents\visual studio 2013\projects\sfml template1\sfml template1\debug\levelbutton.obj
c:\users\akidse\documents\visual studio 2013\projects\sfml template1\sfml template1\debug\main.obj
c:\users\akidse\documents\visual studio 2013\projects\sfml template1\sfml template1\debug\configmanager.obj
c:\users\akidse\documents\visual studio 2013\projects\sfml template1\sfml template1\debug\i18nmanager.obj
c:\users\akidse\documents\visual studio 2013\projects\sfml template1\sfml template1\debug\resourcesmanager.obj
c:\users\akidse\documents\visual studio 2013\projects\sfml template1\sfml template1\debug\scenemanager.obj
c:\users\akidse\documents\visual studio 2013\projects\sfml template1\sfml template1\debug\settingsmanager.obj
c:\users\akidse\documents\visual studio 2013\projects\sfml template1\sfml template1\debug\timemanager.obj
c:\users\akidse\documents\visual studio 2013\projects\sfml template1\sfml template1\debug\intro.obj
c:\users\akidse\documents\visual studio 2013\projects\sfml template1\sfml template1\debug\loading.obj
c:\users\akidse\documents\visual studio 2013\projects\sfml template1\sfml template1\debug\engine.obj
c:\users\akidse\documents\visual studio 2013\projects\sfml template1\sfml template1\debug\eventable.obj
c:\users\akidse\documents\visual studio 2013\projects\sfml template1\sfml template1\debug\scene.obj
c:\users\akidse\documents\visual studio 2013\projects\sfml template1\sfml template1\debug\constants.obj
c:\users\akidse\documents\visual studio 2013\projects\sfml template1\sfml template1\debug\inifileparser.obj
c:\users\akidse\documents\visual studio 2013\projects\sfml template1\sfml template1\debug\menu.obj
c:\users\akidse\documents\visual studio 2013\projects\sfml template1\sfml template1\debug\game.obj
c:\users\akidse\documents\visual studio 2013\projects\sfml template1\sfml template1\debug\levelblock.obj
c:\users\akidse\documents\visual studio 2013\projects\sfml template1\sfml template1\debug\student.obj
c:\users\akidse\documents\visual studio 2013\projects\sfml template1\sfml template1\debug\level.obj
c:\users\akidse\documents\visual studio 2013\projects\sfml template1\sfml template1\debug\levelparser.obj
c:\users\akidse\documents\visual studio 2013\projects\sfml template1\sfml template1\debug\interpolate.obj
c:\users\akidse\documents\visual studio 2013\projects\sfml template1\sfml template1\debug\levelblockfactory.obj
c:\users\akidse\documents\visual studio 2013\projects\sfml template1\debug\sfml template1.ilk
c:\users\akidse\documents\visual studio 2013\projects\sfml template1\debug\sfml template1.exe
c:\users\akidse\documents\visual studio 2013\projects\sfml template1\debug\sfml template1.pdb
c:\users\akidse\documents\visual studio 2013\projects\sfml template1\sfml template1\debug\sfml template1.tlog\cl.command.1.tlog
c:\users\akidse\documents\visual studio 2013\projects\sfml template1\sfml template1\debug\sfml template1.tlog\cl.read.1.tlog
c:\users\akidse\documents\visual studio 2013\projects\sfml template1\sfml template1\debug\sfml template1.tlog\cl.write.1.tlog
c:\users\akidse\documents\visual studio 2013\projects\sfml template1\sfml template1\debug\sfml template1.tlog\link.command.1.tlog
c:\users\akidse\documents\visual studio 2013\projects\sfml template1\sfml template1\debug\sfml template1.tlog\link.read.1.tlog
c:\users\akidse\documents\visual studio 2013\projects\sfml template1\sfml template1\debug\sfml template1.tlog\link.write.1.tlog
